<?xml version="1.0" encoding="UTF-8"?>
<testsuite xmlns:xsi="http://www.w3.org/2001/XMLSchema-instance" xsi:noNamespaceSchemaLocation="https://maven.apache.org/surefire/maven-surefire-plugin/xsd/surefire-test-report.xsd" version="3.0.2" name="com.assignment.productportal.ProductportalApplicationTests" time="15.216" tests="1" errors="0" skipped="0" failures="0">
  <properties>
[...]
</properties>
  <testcase name="contextLoads" classname="com.assignment.productportal.ProductportalApplicationTests" time="1.353">
    <system-out><![CDATA[11:17:11.533 [main] INFO org.springframework.test.context.support.AnnotationConfigContextLoaderUtils -- Could not detect default configuration classes for test class [com.assignment.productportal.ProductportalApplicationTests]: ProductportalApplicationTests does not declare any static, non-private, non-final, nested classes annotated with @Configuration.
11:17:11.787 [main] INFO org.springframework.boot.test.context.SpringBootTestContextBootstrapper -- Found @SpringBootConfiguration com.assignment.productportal.ProductportalApplication for test class com.assignment.productportal.ProductportalApplicationTests
11:17:12.245 [main] INFO org.springframework.boot.devtools.restart.RestartApplicationListener -- Restart disabled due to context in which it is running

  .   ____          _            __ _ _
 /\\ / ___'_ __ _ _(_)_ __  __ _ \ \ \ \
( ( )\___ | '_ | '_| | '_ \/ _` | \ \ \ \
 \\/  ___)| |_)| | | | | || (_| |  ) ) ) )
  '  |____| .__|_| |_|_| |_\__, | / / / /
 =========|_|==============|___/=/_/_/_/

 :: Spring Boot ::                (v3.4.5)

2025-05-22T11:17:12.986+05:30  INFO 28304 --- [           main] c.a.p.ProductportalApplicationTests      : Starting ProductportalApplicationTests using Java 17.0.7 with PID 28304 (started by Rushikesh in D:\Full Stack\Assignment\productportal)
2025-05-22T11:17:12.991+05:30  INFO 28304 --- [           main] c.a.p.ProductportalApplicationTests      : No active profile set, falling back to 1 default profile: "default"
2025-05-22T11:17:15.106+05:30  INFO 28304 --- [           main] .s.d.r.c.RepositoryConfigurationDelegate : Bootstrapping Spring Data JPA repositories in DEFAULT mode.
2025-05-22T11:17:15.330+05:30  INFO 28304 --- [           main] .s.d.r.c.RepositoryConfigurationDelegate : Finished Spring Data repository scanning in 185 ms. Found 2 JPA repository interfaces.
2025-05-22T11:17:16.988+05:30  INFO 28304 --- [           main] o.hibernate.jpa.internal.util.LogHelper  : HHH000204: Processing PersistenceUnitInfo [name: default]
2025-05-22T11:17:17.143+05:30  INFO 28304 --- [           main] org.hibernate.Version                    : HHH000412: Hibernate ORM core version 6.6.13.Final
2025-05-22T11:17:17.238+05:30  INFO 28304 --- [           main] o.h.c.internal.RegionFactoryInitiator    : HHH000026: Second-level cache disabled
2025-05-22T11:17:18.207+05:30  INFO 28304 --- [           main] o.s.o.j.p.SpringPersistenceUnitInfo      : No LoadTimeWeaver setup: ignoring JPA class transformer
2025-05-22T11:17:18.324+05:30  INFO 28304 --- [           main] com.zaxxer.hikari.HikariDataSource       : HikariPool-1 - Starting...
2025-05-22T11:17:19.125+05:30  INFO 28304 --- [           main] com.zaxxer.hikari.pool.HikariPool        : HikariPool-1 - Added connection ConnectionID:1 ClientConnectionId: f98b9390-21d1-4314-bbda-052f03fa0d43
2025-05-22T11:17:19.129+05:30  INFO 28304 --- [           main] com.zaxxer.hikari.HikariDataSource       : HikariPool-1 - Start completed.
2025-05-22T11:17:19.246+05:30  WARN 28304 --- [           main] org.hibernate.orm.deprecation            : HHH90000025: SQLServerDialect does not need to be specified explicitly using 'hibernate.dialect' (remove the property setting and it will be selected by default)
2025-05-22T11:17:19.325+05:30  INFO 28304 --- [           main] org.hibernate.orm.connections.pooling    : HHH10001005: Database info:
	Database JDBC URL [Connecting through datasource 'HikariDataSource (HikariPool-1)']
	Database driver: undefined/unknown
	Database version: 15.0
	Autocommit mode: undefined/unknown
	Isolation level: undefined/unknown
	Minimum pool size: undefined/unknown
	Maximum pool size: undefined/unknown
2025-05-22T11:17:21.388+05:30  INFO 28304 --- [           main] o.h.e.t.j.p.i.JtaPlatformInitiator       : HHH000489: No JTA platform available (set 'hibernate.transaction.jta.platform' to enable JTA platform integration)
2025-05-22T11:17:21.829+05:30  INFO 28304 --- [           main] j.LocalContainerEntityManagerFactoryBean : Initialized JPA EntityManagerFactory for persistence unit 'default'
2025-05-22T11:17:22.819+05:30  INFO 28304 --- [           main] r$InitializeUserDetailsManagerConfigurer : Global AuthenticationManager configured with UserDetailsService bean with name customUserDetailsService
2025-05-22T11:17:23.191+05:30  WARN 28304 --- [           main] JpaBaseConfiguration$JpaWebConfiguration : spring.jpa.open-in-view is enabled by default. Therefore, database queries may be performed during view rendering. Explicitly configure spring.jpa.open-in-view to disable this warning
2025-05-22T11:17:25.031+05:30  INFO 28304 --- [           main] c.a.p.ProductportalApplicationTests      : Started ProductportalApplicationTests in 12.818 seconds (process running for 15.255)
]]></system-out>
  </testcase>
</testsuite>